<?xml version="1.0" encoding="UTF-8"?>
<testsuite xmlns:xsi="http://www.w3.org/2001/XMLSchema-instance" xsi:noNamespaceSchemaLocation="https://maven.apache.org/surefire/maven-surefire-plugin/xsd/surefire-test-report.xsd" version="3.0.2" name="com.example.backend.BackendApplicationTests" time="2.606" tests="1" errors="0" skipped="0" failures="0">
  <properties>
[...]
</properties>
  <testcase name="contextLoads" classname="com.example.backend.BackendApplicationTests" time="0.738">
    <system-out><![CDATA[21:30:36.539 [main] INFO org.springframework.test.context.support.AnnotationConfigContextLoaderUtils -- Could not detect default configuration classes for test class [com.example.backend.BackendApplicationTests]: BackendApplicationTests does not declare any static, non-private, non-final, nested classes annotated with @Configuration.
21:30:36.644 [main] INFO org.springframework.boot.test.context.SpringBootTestContextBootstrapper -- Found @SpringBootConfiguration com.example.backend.BackendApplication for test class com.example.backend.BackendApplicationTests

  .   ____          _            __ _ _
 /\\ / ___'_ __ _ _(_)_ __  __ _ \ \ \ \
( ( )\___ | '_ | '_| | '_ \/ _` | \ \ \ \
 \\/  ___)| |_)| | | | | || (_| |  ) ) ) )
  '  |____| .__|_| |_|_| |_\__, | / / / /
 =========|_|==============|___/=/_/_/_/

 :: Spring Boot ::                (v4.0.1)

2026-01-07T21:30:37.003+01:00  INFO 43988 --- [Backend] [           main] c.e.backend.BackendApplicationTests      : Starting BackendApplicationTests using Java 17.0.8.1 with PID 43988 (started by rawen in C:\Users\rawen\Documents\GitHub\Projet-Wifak-PFE\Backend)
2026-01-07T21:30:37.005+01:00  INFO 43988 --- [Backend] [           main] c.e.backend.BackendApplicationTests      : No active profile set, falling back to 1 default profile: "default"
2026-01-07T21:30:37.943+01:00  WARN 43988 --- [Backend] [           main] .s.a.UserDetailsServiceAutoConfiguration : 

Using generated security password: 06dbe0df-f9df-4b30-93ae-0ec5c574fe4b

This generated password is for development use only. Your security configuration must be updated before running your application in production.

2026-01-07T21:30:37.985+01:00  INFO 43988 --- [Backend] [           main] r$InitializeUserDetailsManagerConfigurer : Global AuthenticationManager configured with UserDetailsService bean with name inMemoryUserDetailsManager
2026-01-07T21:30:38.209+01:00  INFO 43988 --- [Backend] [           main] c.e.backend.BackendApplicationTests      : Started BackendApplicationTests in 1.433 seconds (process running for 2.482)
]]></system-out>
  </testcase>
</testsuite>